#
# There is insufficient memory for the Java Runtime Environment to continue.
# Native memory allocation (mmap) failed to map 268435456 bytes for G1 virtual space
# Possible reasons:
#   The system is out of physical RAM or swap space
#   The process is running with CompressedOops enabled, and the Java Heap may be blocking the growth of the native heap
# Possible solutions:
#   Reduce memory load on the system
#   Increase physical memory or swap space
#   Check if swap backing store is full
#   Decrease Java heap size (-Xmx/-Xms)
#   Decrease number of Java threads
#   Decrease Java thread stack sizes (-Xss)
#   Set larger code cache with -XX:ReservedCodeCacheSize=
#   JVM is running with Zero Based Compressed Oops mode in which the Java heap is
#     placed in the first 32GB address space. The Java Heap base address is the
#     maximum limit for the native heap growth. Please use -XX:HeapBaseMinAddress
#     to set the Java Heap base and to place the Java Heap above 32GB virtual address.
# This output file may be truncated or incomplete.
#
#  Out of Memory Error (os_windows.cpp:3550), pid=61392, tid=48292
#
# JRE version:  (17.0.8+9) (build )
# Java VM: Java HotSpot(TM) 64-Bit Server VM (17.0.8+9-LTS-211, mixed mode, sharing, tiered, compressed oops, compressed class ptrs, g1 gc, windows-amd64)
# No core dump will be written. Minidumps are not enabled by default on client versions of Windows
#

---------------  S U M M A R Y ------------

Command Line: -Dfile.encoding=UTF-8 --module-path=C:\Users\usuario\OneDrive\Documentos\NetBeansProjects\Rifa_AdrianCampillo\build\classes Principal

Host: Intel(R) Core(TM) i5-10600K CPU @ 4.10GHz, 12 cores, 15G,  Windows 10 , 64 bit Build 19041 (10.0.19041.4842)
Time: Sun Sep 29 15:24:01 2024 Hora de verano romance elapsed time: 0.017656 seconds (0d 0h 0m 0s)

---------------  T H R E A D  ---------------

Current thread (0x0000026e84fc54f0):  JavaThread "Unknown thread" [_thread_in_vm, id=48292, stack(0x000000bc41a00000,0x000000bc41b00000)]

Stack: [0x000000bc41a00000,0x000000bc41b00000]
Native frames: (J=compiled Java code, j=interpreted, Vv=VM code, C=native code)
V  [jvm.dll+0x677d0a]
V  [jvm.dll+0x7d8c54]
V  [jvm.dll+0x7da3fe]
V  [jvm.dll+0x7daa63]
V  [jvm.dll+0x245c5f]
V  [jvm.dll+0x674bb9]
V  [jvm.dll+0x6694f2]
V  [jvm.dll+0x3031d6]
V  [jvm.dll+0x30a756]
V  [jvm.dll+0x359f9e]
V  [jvm.dll+0x35a1cf]
V  [jvm.dll+0x2da3e8]
V  [jvm.dll+0x2db354]
V  [jvm.dll+0x7aa711]
V  [jvm.dll+0x367b51]
V  [jvm.dll+0x789979]
V  [jvm.dll+0x3eb05f]
V  [jvm.dll+0x3ecae1]
C  [jli.dll+0x5297]
C  [ucrtbase.dll+0x21bb2]
C  [KERNEL32.DLL+0x17374]
C  [ntdll.dll+0x4cc91]


---------------  P R O C E S S  ---------------

Threads class SMR info:
_java_thread_list=0x00007ffc49dc59d8, length=0, elements={
}

Java Threads: ( => current thread )

Other Threads:
  0x0000026e85031ad0 GCTaskThread "GC Thread#0" [stack: 0x000000bc41b00000,0x000000bc41c00000] [id=59964]
  0x0000026e850437f0 ConcurrentGCThread "G1 Main Marker" [stack: 0x000000bc41c00000,0x000000bc41d00000] [id=48748]
  0x0000026e850448a0 ConcurrentGCThread "G1 Conc#0" [stack: 0x000000bc41d00000,0x000000bc41e00000] [id=61320]

[error occurred during error reporting (printing all threads), id 0xc0000005, EXCEPTION_ACCESS_VIOLATION (0xc0000005) at pc=0x00007ffc495fb047]

VM state: not at safepoint (not fully initialized)

VM Mutex/Monitor currently owned by a thread:  ([mutex/lock_event])
[0x0000026e84fc20f0] Heap_lock - owner thread: 0x0000026e84fc54f0

Heap address: 0x0000000701200000, size: 4078 MB, Compressed Oops mode: Zero based, Oop shift amount: 3

CDS archive(s) mapped at: [0x0000000000000000-0x0000000000000000-0x0000000000000000), size 0, SharedBaseAddress: 0x0000000800000000, ArchiveRelocationMode: 1.
Narrow klass base: 0x0000000000000000, Narrow klass shift: 0, Narrow klass range: 0x0

GC Precious Log:
<Empty>

Heap:
 garbage-first heap   total 0K, used 0K [0x0000000701200000, 0x0000000800000000)
  region size 2048K, 0 young (0K), 0 survivors (0K)

[error occurred during error reporting (printing heap information), id 0xc0000005, EXCEPTION_ACCESS_VIOLATION (0xc0000005) at pc=0x00007ffc499e1499]

GC Heap History (0 events):
No events

Deoptimization events (0 events):
No events

Classes unloaded (0 events):
No events

Classes redefined (0 events):
No events

Internal exceptions (0 events):
No events

VM Operations (0 events):
No events

Events (1 events):
Event: 0.006 Loaded shared library C:\Program Files\Java\jdk-17\bin\java.dll


Dynamic libraries:
0x00007ff775cf0000 - 0x00007ff775d00000 	C:\Program Files\Java\jdk-17\bin\java.exe
0x00007ffc8fd50000 - 0x00007ffc8ff48000 	C:\Windows\SYSTEM32\ntdll.dll
0x00007ffc8e5e0000 - 0x00007ffc8e6a1000 	C:\Windows\System32\KERNEL32.DLL
0x00007ffc8d460000 - 0x00007ffc8d75d000 	C:\Windows\System32\KERNELBASE.dll
0x00007ffc8d820000 - 0x00007ffc8d920000 	C:\Windows\System32\ucrtbase.dll
0x00007ffc88590000 - 0x00007ffc885ab000 	C:\Program Files\Java\jdk-17\bin\VCRUNTIME140.dll
0x00007ffc8a500000 - 0x00007ffc8a519000 	C:\Program Files\Java\jdk-17\bin\jli.dll
0x00007ffc8e3c0000 - 0x00007ffc8e470000 	C:\Windows\System32\ADVAPI32.dll
0x00007ffc8e470000 - 0x00007ffc8e50e000 	C:\Windows\System32\msvcrt.dll
0x00007ffc8e220000 - 0x00007ffc8e2c0000 	C:\Windows\System32\sechost.dll
0x00007ffc8e990000 - 0x00007ffc8eab3000 	C:\Windows\System32\RPCRT4.dll
0x00007ffc8d400000 - 0x00007ffc8d427000 	C:\Windows\System32\bcrypt.dll
0x00007ffc8e7f0000 - 0x00007ffc8e98d000 	C:\Windows\System32\USER32.dll
0x00007ffc8d430000 - 0x00007ffc8d452000 	C:\Windows\System32\win32u.dll
0x00007ffc8fce0000 - 0x00007ffc8fd0b000 	C:\Windows\System32\GDI32.dll
0x00007ffc8d920000 - 0x00007ffc8da37000 	C:\Windows\System32\gdi32full.dll
0x00007ffc7e070000 - 0x00007ffc7e30a000 	C:\Windows\WinSxS\amd64_microsoft.windows.common-controls_6595b64144ccf1df_6.0.19041.4355_none_60b8b9eb71f62e16\COMCTL32.dll
0x00007ffc8dce0000 - 0x00007ffc8dd7d000 	C:\Windows\System32\msvcp_win.dll
0x00007ffc86790000 - 0x00007ffc8679a000 	C:\Windows\SYSTEM32\VERSION.dll
0x00007ffc8dee0000 - 0x00007ffc8df0f000 	C:\Windows\System32\IMM32.DLL
0x00007ffc83010000 - 0x00007ffc8301c000 	C:\Program Files\Java\jdk-17\bin\vcruntime140_1.dll
0x00007ffc50d90000 - 0x00007ffc50e1e000 	C:\Program Files\Java\jdk-17\bin\msvcp140.dll
0x00007ffc49310000 - 0x00007ffc49eee000 	C:\Program Files\Java\jdk-17\bin\server\jvm.dll
0x00007ffc8e6b0000 - 0x00007ffc8e6b8000 	C:\Windows\System32\PSAPI.DLL
0x00007ffc885b0000 - 0x00007ffc885b9000 	C:\Windows\SYSTEM32\WSOCK32.dll
0x00007ffc84620000 - 0x00007ffc84647000 	C:\Windows\SYSTEM32\WINMM.dll
0x00007ffc8e510000 - 0x00007ffc8e57b000 	C:\Windows\System32\WS2_32.dll
0x00007ffc8b2a0000 - 0x00007ffc8b2b2000 	C:\Windows\SYSTEM32\kernel.appcore.dll
0x00007ffc83000000 - 0x00007ffc8300a000 	C:\Program Files\Java\jdk-17\bin\jimage.dll
0x00007ffc83a60000 - 0x00007ffc83c44000 	C:\Windows\SYSTEM32\DBGHELP.DLL
0x00007ffc72520000 - 0x00007ffc72554000 	C:\Windows\SYSTEM32\dbgcore.DLL
0x00007ffc8da40000 - 0x00007ffc8dac2000 	C:\Windows\System32\bcryptPrimitives.dll
0x00007ffc7f360000 - 0x00007ffc7f385000 	C:\Program Files\Java\jdk-17\bin\java.dll

dbghelp: loaded successfully - version: 4.0.5 - missing functions: none
symbol engine: initialized successfully - sym options: 0x614 - pdb path: .;C:\Program Files\Java\jdk-17\bin;C:\Windows\SYSTEM32;C:\Windows\WinSxS\amd64_microsoft.windows.common-controls_6595b64144ccf1df_6.0.19041.4355_none_60b8b9eb71f62e16;C:\Program Files\Java\jdk-17\bin\server

VM Arguments:
jvm_args: -Dfile.encoding=UTF-8 --module-path=C:\Users\usuario\OneDrive\Documentos\NetBeansProjects\Rifa_AdrianCampillo\build\classes 
java_command: Principal
java_class_path (initial): C:\Users\usuario\OneDrive\Documentos\NetBeansProjects\Rifa_AdrianCampillo\build\classes
Launcher Type: SUN_STANDARD

[Global flags]
     intx CICompilerCount                          = 4                                         {product} {ergonomic}
     uint ConcGCThreads                            = 3                                         {product} {ergonomic}
     uint G1ConcRefinementThreads                  = 10                                        {product} {ergonomic}
   size_t G1HeapRegionSize                         = 2097152                                   {product} {ergonomic}
    uintx GCDrainStackTargetSize                   = 64                                        {product} {ergonomic}
   size_t InitialHeapSize                          = 268435456                                 {product} {ergonomic}
   size_t MarkStackSize                            = 4194304                                   {product} {ergonomic}
   size_t MaxHeapSize                              = 4276092928                                {product} {ergonomic}
   size_t MinHeapDeltaBytes                        = 2097152                                   {product} {ergonomic}
   size_t MinHeapSize                              = 8388608                                   {product} {ergonomic}
    uintx NonNMethodCodeHeapSize                   = 5839372                                {pd product} {ergonomic}
    uintx NonProfiledCodeHeapSize                  = 122909434                              {pd product} {ergonomic}
    uintx ProfiledCodeHeapSize                     = 122909434                              {pd product} {ergonomic}
    uintx ReservedCodeCacheSize                    = 251658240                              {pd product} {ergonomic}
     bool SegmentedCodeCache                       = true                                      {product} {ergonomic}
   size_t SoftMaxHeapSize                          = 4276092928                             {manageable} {ergonomic}
     bool UseCompressedClassPointers               = true                           {product lp64_product} {ergonomic}
     bool UseCompressedOops                        = true                           {product lp64_product} {ergonomic}
     bool UseG1GC                                  = true                                      {product} {ergonomic}
     bool UseLargePagesIndividualAllocation        = false                                  {pd product} {ergonomic}

Logging:
Log output configuration:
 #0: stdout all=warning uptime,level,tags
 #1: stderr all=off uptime,level,tags

Environment Variables:
PATH=C:\Program Files\Common Files\Oracle\Java\javapath;C:\Program Files (x86)\Common Files\Oracle\Java\javapath;C:\Program Files (x86)\Razer Chroma SDK\bin;C:\Program Files\Razer Chroma SDK\bin;C:\Program Files (x86)\Razer\ChromaBroadcast\bin;C:\Program Files\Razer\ChromaBroadcast\bin;C:\Windows\system32;C:\Windows;C:\Windows\System32\Wbem;C:\Windows\System32\WindowsPowerShell\v1.0\;C:\Windows\System32\OpenSSH\;C:\Program Files (x86)\NVIDIA Corporation\PhysX\Common;C:\Program Files\NVIDIA Corporation\NVIDIA NvDLISR;C:\Windows\system32\config\systemprofile\AppData\Local\Microsoft\WindowsApps;C:\Program Files\dotnet\;C:\Program Files\Git\cmd;C:\Program Files\AutoFirma\AutoFirma;C:\Program Files\MySQL\MySQL Shell 8.0\bin\;C:\Users\usuario\AppData\Local\Microsoft\WindowsApps;C:\Users\usuario\AppData\Local\Programs\Microsoft VS Code\bin
USERNAME=usuario
OS=Windows_NT
PROCESSOR_IDENTIFIER=Intel64 Family 6 Model 165 Stepping 5, GenuineIntel



---------------  S Y S T E M  ---------------

OS:
 Windows 10 , 64 bit Build 19041 (10.0.19041.4842)
OS uptime: 7 days 2:52 hours

CPU: total 12 (initial active 12) (6 cores per cpu, 2 threads per core) family 6 model 165 stepping 5 microcode 0xe2, cx8, cmov, fxsr, ht, mmx, 3dnowpref, sse, sse2, sse3, ssse3, sse4.1, sse4.2, popcnt, lzcnt, tsc, tscinvbit, avx, avx2, aes, erms, clmul, bmi1, bmi2, adx, fma, vzeroupper, clflush, clflushopt

Memory: 4k page, system-wide physical 16305M (5336M free)
TotalPageFile size 65457M (AvailPageFile size 247M)
current process WorkingSet (physical memory assigned to process): 11M, peak: 11M
current process commit charge ("private bytes"): 64M, peak: 320M

vm_info: Java HotSpot(TM) 64-Bit Server VM (17.0.8+9-LTS-211) for windows-amd64 JRE (17.0.8+9-LTS-211), built on Jun 14 2023 10:34:31 by "mach5one" with MS VC++ 17.1 (VS2022)

END.
